<?xml version="1.0" encoding="utf-8"?><testsuites name="pytest tests"><testsuite name="pytest" errors="0" failures="0" skipped="0" tests="20" time="3.359" timestamp="2025-12-31T15:36:03.472357+01:00" hostname="3c063049d349"><testcase classname="tests.test_event_handler.TestEventHandler" name="test_assume_role_for_s3" time="0.002" /><testcase classname="tests.test_event_handler.TestEventHandler" name="test_get_policy_document" time="0.480" /><testcase classname="tests.test_event_handler.TestEventHandler" name="test_get_region_from_string" time="0.001" /><testcase classname="tests.test_event_handler.TestEventHandler" name="test_init" time="0.001" /><testcase classname="tests.test_event_handler.TestEventHandler" name="test_send_to_sqs" time="0.001" /><testcase classname="tests.test_event_handler.TestEventHandler" name="test_validate_file_name" time="0.001" /><testcase classname="tests.test_firewall_handler.TestFirewallRuleHandler" name="test_arn_to_name" time="0.003" /><testcase classname="tests.test_firewall_handler.TestFirewallRuleHandler" name="test_check_rule_status" time="2.011" /><testcase classname="tests.test_firewall_handler.TestFirewallRuleHandler" name="test_create_new_policy" time="0.009" /><testcase classname="tests.test_firewall_handler.TestFirewallRuleHandler" name="test_generate_random_name" time="0.006" /><testcase classname="tests.test_firewall_handler.TestFirewallRuleHandler" name="test_get_rule_entries" time="0.005" /><testcase classname="tests.test_firewall_handler.TestFirewallRuleHandler" name="test_get_rule_group" time="0.005" /><testcase classname="tests.test_firewall_handler.TestFirewallRuleHandler" name="test_get_rule_name_from_rule_string" time="0.004" /><testcase classname="tests.test_firewall_handler.TestFirewallRuleHandler" name="test_init" time="0.006" /><testcase classname="tests.test_firewall_handler.TestFirewallRuleHandler" name="test_json_to_rule" time="0.008" /><testcase classname="tests.test_log_handler.TestCustomerLogHandler" name="test_export_logs_to_s3" time="0.020" /><testcase classname="tests.test_log_handler.TestCustomerLogHandler" name="test_generate_log_stream_name" time="0.001" /><testcase classname="tests.test_log_handler.TestCustomerLogHandler" name="test_init" time="0.001" /><testcase classname="tests.test_log_handler.TestCustomerLogHandler" name="test_send_log_message" time="0.001" /><testcase classname="tests.test_log_handler.TestCustomerLogHandler" name="test_update_version" time="0.001" /></testsuite></testsuites>